#
# There is insufficient memory for the Java Runtime Environment to continue.
# Native memory allocation (mmap) failed to map 266338304 bytes for G1 virtual space
# Possible reasons:
#   The system is out of physical RAM or swap space
#   The process is running with CompressedOops enabled, and the Java Heap may be blocking the growth of the native heap
# Possible solutions:
#   Reduce memory load on the system
#   Increase physical memory or swap space
#   Check if swap backing store is full
#   Decrease Java heap size (-Xmx/-Xms)
#   Decrease number of Java threads
#   Decrease Java thread stack sizes (-Xss)
#   Set larger code cache with -XX:ReservedCodeCacheSize=
#   JVM is running with Zero Based Compressed Oops mode in which the Java heap is
#     placed in the first 32GB address space. The Java Heap base address is the
#     maximum limit for the native heap growth. Please use -XX:HeapBaseMinAddress
#     to set the Java Heap base and to place the Java Heap above 32GB virtual address.
# This output file may be truncated or incomplete.
#
#  Out of Memory Error (os_windows.cpp:3753), pid=8544, tid=14244
#
# JRE version:  (17.0.4+7) (build )
# Java VM: OpenJDK 64-Bit Server VM (17.0.4+7-b469.53, mixed mode, sharing, tiered, compressed oops, compressed class ptrs, g1 gc, windows-amd64)
# No core dump will be written. Minidumps are not enabled by default on client versions of Windows
#

---------------  S U M M A R Y ------------

Command Line: git4idea.http.GitAskPassApp Username for 'https://github.com': 

Host: Intel(R) Core(TM) i7-8750H CPU @ 2.20GHz, 12 cores, 15G,  Windows 10 , 64 bit Build 19041 (10.0.19041.2251)
Time: Sun Nov 13 20:08:53 2022  Windows 10 , 64 bit Build 19041 (10.0.19041.2251) elapsed time: 0.033937 seconds (0d 0h 0m 0s)

---------------  T H R E A D  ---------------

Current thread (0x00000264f81423c0):  JavaThread "Unknown thread" [_thread_in_vm, id=14244, stack(0x000000730af00000,0x000000730b000000)]

Stack: [0x000000730af00000,0x000000730b000000]
Native frames: (J=compiled Java code, j=interpreted, Vv=VM code, C=native code)
V  [jvm.dll+0x68348a]
V  [jvm.dll+0x83faf4]
V  [jvm.dll+0x84129e]
V  [jvm.dll+0x841903]
V  [jvm.dll+0x2494a5]
V  [jvm.dll+0x680359]
V  [jvm.dll+0x67499a]
V  [jvm.dll+0x3092db]
V  [jvm.dll+0x310796]
V  [jvm.dll+0x36077e]
V  [jvm.dll+0x3609af]
V  [jvm.dll+0x2df3c8]
V  [jvm.dll+0x2e0334]
V  [jvm.dll+0x8112e1]
V  [jvm.dll+0x36e5d1]
V  [jvm.dll+0x7f06bc]
V  [jvm.dll+0x3f16ef]
V  [jvm.dll+0x3f3231]
C  [jli.dll+0x526b]
C  [ucrtbase.dll+0x21bb2]
C  [KERNEL32.DLL+0x174b4]
C  [ntdll.dll+0x526a1]


---------------  P R O C E S S  ---------------

Threads class SMR info:
_java_thread_list=0x00007ff805187f18, length=0, elements={
}

Java Threads: ( => current thread )

Other Threads:
  0x00000264f81ae650 GCTaskThread "GC Thread#0" [stack: 0x000000730b000000,0x000000730b100000] [id=3664]
  0x00000264f81bf320 ConcurrentGCThread "G1 Main Marker" [stack: 0x000000730b100000,0x000000730b200000] [id=12400]
  0x00000264f81bfd30 ConcurrentGCThread "G1 Conc#0" [stack: 0x000000730b200000,0x000000730b300000] [id=13796]

[error occurred during error reporting (printing all threads), id 0xc0000005, EXCEPTION_ACCESS_VIOLATION (0xc0000005) at pc=0x00007ff80493ff87]

VM state: not at safepoint (not fully initialized)

VM Mutex/Monitor currently owned by a thread:  ([mutex/lock_event])
[0x00000264f813c920] Heap_lock - owner thread: 0x00000264f81423c0

Heap address: 0x0000000702600000, size: 4058 MB, Compressed Oops mode: Zero based, Oop shift amount: 3

CDS archive(s) mapped at: [0x0000000000000000-0x0000000000000000-0x0000000000000000), size 0, SharedBaseAddress: 0x0000000800000000, ArchiveRelocationMode: 0.
Narrow klass base: 0x0000000000000000, Narrow klass shift: 0, Narrow klass range: 0x0

GC Precious Log:
<Empty>

Heap:
 garbage-first heap   total 0K, used 0K [0x0000000702600000, 0x0000000800000000)
  region size 2048K, 0 young (0K), 0 survivors (0K)

[error occurred during error reporting (printing heap information), id 0xc0000005, EXCEPTION_ACCESS_VIOLATION (0xc0000005) at pc=0x00007ff804d2d119]

GC Heap History (0 events):
No events

Deoptimization events (0 events):
No events

Classes unloaded (0 events):
No events

Classes redefined (0 events):
No events

Internal exceptions (0 events):
No events

VM Operations (0 events):
No events

Events (1 events):
Event: 0.008 Loaded shared library C:\Program Files\JetBrains\WebStorm 2022.2.2\jbr\bin\java.dll


Dynamic libraries:
0x00007ff7a6670000 - 0x00007ff7a667a000 	C:\Program Files\JetBrains\WebStorm 2022.2.2\jbr\bin\java.exe
0x00007ff841930000 - 0x00007ff841b28000 	C:\Windows\SYSTEM32\ntdll.dll
0x00007ff841620000 - 0x00007ff8416df000 	C:\Windows\System32\KERNEL32.DLL
0x00007ff83f210000 - 0x00007ff83f4e2000 	C:\Windows\System32\KERNELBASE.dll
0x00007ff83f880000 - 0x00007ff83f980000 	C:\Windows\System32\ucrtbase.dll
0x00007ff827c70000 - 0x00007ff827c87000 	C:\Program Files\JetBrains\WebStorm 2022.2.2\jbr\bin\jli.dll
0x00007ff827b60000 - 0x00007ff827b7b000 	C:\Program Files\JetBrains\WebStorm 2022.2.2\jbr\bin\VCRUNTIME140.dll
0x00007ff840750000 - 0x00007ff8408ed000 	C:\Windows\System32\USER32.dll
0x00007ff83f1e0000 - 0x00007ff83f202000 	C:\Windows\System32\win32u.dll
0x00007ff82e2b0000 - 0x00007ff82e54a000 	C:\Windows\WinSxS\amd64_microsoft.windows.common-controls_6595b64144ccf1df_6.0.19041.1110_none_60b5254171f9507e\COMCTL32.dll
0x00007ff840720000 - 0x00007ff84074b000 	C:\Windows\System32\GDI32.dll
0x00007ff8408f0000 - 0x00007ff84098e000 	C:\Windows\System32\msvcrt.dll
0x00007ff83f030000 - 0x00007ff83f13f000 	C:\Windows\System32\gdi32full.dll
0x00007ff83f140000 - 0x00007ff83f1dd000 	C:\Windows\System32\msvcp_win.dll
0x00007ff841700000 - 0x00007ff841732000 	C:\Windows\System32\IMM32.DLL
0x00007ff839540000 - 0x00007ff83954c000 	C:\Program Files\JetBrains\WebStorm 2022.2.2\jbr\bin\vcruntime140_1.dll
0x00007ff810980000 - 0x00007ff810a0d000 	C:\Program Files\JetBrains\WebStorm 2022.2.2\jbr\bin\msvcp140.dll
0x00007ff804650000 - 0x00007ff8052b9000 	C:\Program Files\JetBrains\WebStorm 2022.2.2\jbr\bin\server\jvm.dll
0x00007ff841450000 - 0x00007ff8414fe000 	C:\Windows\System32\ADVAPI32.dll
0x00007ff840620000 - 0x00007ff8406bc000 	C:\Windows\System32\sechost.dll
0x00007ff83f990000 - 0x00007ff83fab5000 	C:\Windows\System32\RPCRT4.dll
0x00007ff840600000 - 0x00007ff840608000 	C:\Windows\System32\PSAPI.DLL
0x00007ff831100000 - 0x00007ff831127000 	C:\Windows\SYSTEM32\WINMM.dll
0x00007ff8207c0000 - 0x00007ff8207c9000 	C:\Windows\SYSTEM32\WSOCK32.dll
0x00007ff838040000 - 0x00007ff83804a000 	C:\Windows\SYSTEM32\VERSION.dll
0x00007ff8415b0000 - 0x00007ff84161b000 	C:\Windows\System32\WS2_32.dll
0x00007ff83ce10000 - 0x00007ff83ce22000 	C:\Windows\SYSTEM32\kernel.appcore.dll
0x00007ff83a940000 - 0x00007ff83a94a000 	C:\Program Files\JetBrains\WebStorm 2022.2.2\jbr\bin\jimage.dll
0x00007ff826bb0000 - 0x00007ff826d94000 	C:\Windows\SYSTEM32\DBGHELP.DLL
0x00007ff826400000 - 0x00007ff82642c000 	C:\Windows\SYSTEM32\dbgcore.DLL
0x00007ff83f560000 - 0x00007ff83f5e2000 	C:\Windows\System32\bcryptPrimitives.dll
0x00007ff8367e0000 - 0x00007ff836805000 	C:\Program Files\JetBrains\WebStorm 2022.2.2\jbr\bin\java.dll

dbghelp: loaded successfully - version: 4.0.5 - missing functions: none
symbol engine: initialized successfully - sym options: 0x614 - pdb path: .;C:\Program Files\JetBrains\WebStorm 2022.2.2\jbr\bin;C:\Windows\SYSTEM32;C:\Windows\WinSxS\amd64_microsoft.windows.common-controls_6595b64144ccf1df_6.0.19041.1110_none_60b5254171f9507e;C:\Program Files\JetBrains\WebStorm 2022.2.2\jbr\bin\server

VM Arguments:
java_command: git4idea.http.GitAskPassApp Username for 'https://github.com': 
java_class_path (initial): C:/Program Files/JetBrains/WebStorm 2022.2.2/plugins/git4idea/lib/git4idea-rt.jar;C:/Program Files/JetBrains/WebStorm 2022.2.2/lib/externalProcess-rt.jar;C:/Program Files/JetBrains/WebStorm 2022.2.2/lib/app.jar;C:/Program Files/JetBrains/WebStorm 2022.2.2/lib/3rd-party-rt.jar
Launcher Type: SUN_STANDARD

[Global flags]
     intx CICompilerCount                          = 4                                         {product} {ergonomic}
     uint ConcGCThreads                            = 3                                         {product} {ergonomic}
     uint G1ConcRefinementThreads                  = 10                                        {product} {ergonomic}
   size_t G1HeapRegionSize                         = 2097152                                   {product} {ergonomic}
    uintx GCDrainStackTargetSize                   = 64                                        {product} {ergonomic}
   size_t InitialHeapSize                          = 266338304                                 {product} {ergonomic}
   size_t MarkStackSize                            = 4194304                                   {product} {ergonomic}
   size_t MaxHeapSize                              = 4255121408                                {product} {ergonomic}
   size_t MinHeapDeltaBytes                        = 2097152                                   {product} {ergonomic}
   size_t MinHeapSize                              = 8388608                                   {product} {ergonomic}
    uintx NonNMethodCodeHeapSize                   = 5839372                                {pd product} {ergonomic}
    uintx NonProfiledCodeHeapSize                  = 122909434                              {pd product} {ergonomic}
    uintx ProfiledCodeHeapSize                     = 122909434                              {pd product} {ergonomic}
    uintx ReservedCodeCacheSize                    = 251658240                              {pd product} {ergonomic}
     bool SegmentedCodeCache                       = true                                      {product} {ergonomic}
   size_t SoftMaxHeapSize                          = 4255121408                             {manageable} {ergonomic}
     bool UseCompressedClassPointers               = true                           {product lp64_product} {ergonomic}
     bool UseCompressedOops                        = true                           {product lp64_product} {ergonomic}
     bool UseG1GC                                  = true                                      {product} {ergonomic}
     bool UseLargePagesIndividualAllocation        = false                                  {pd product} {ergonomic}

Logging:
Log output configuration:
 #0: stdout all=warning uptime,level,tags
 #1: stderr all=off uptime,level,tags

Environment Variables:
JAVA_HOME=C:\Program Files\OpenJDK\openjdk-11.0.14.1_1
PATH=D:\Program Files\Git\mingw64\libexec\git-core;D:\Program Files\Git\mingw64\libexec\git-core;D:\Program Files\Git\mingw64\bin;D:\Program Files\Git\usr\bin;C:\Users\Yakut\bin;C:\Python27;C:\Python27\Scripts;C:\Program Files\Common Files\Oracle\Java\javapath;C:\Windows\system32;C:\Windows;C:\Windows\System32\Wbem;C:\Windows\System32\WindowsPowerShell\v1.0;C:\Windows\System32\OpenSSH;C:\Program Files (x86)\NVIDIA Corporation\PhysX\Common;D:\Program Files\Git\cmd;D:\PSQL\bin;D:\PSQL\lib;C:\ProgramData\chocolatey\bin;C:\Program Files\OpenJDK\openjdk-8u302-b08\bin;C:\Program Files\OpenJDK\openjdk-11.0.14.1_1\bin;%NVM_HOME%;%NVM_SYMLINK%;C:\Users\Yakut\AppData\Local\Microsoft\WindowsApps;D:\Users\Yakut\AppData\Local\Programs\Microsoft VS Code\bin;C:\Program Files\JetBrains\WebStorm 2022.2.2\bin;C:\mysql\bin;C:\tools\dart-sdk\bin;C:\Users\Yakut\AppData\Roaming\Pub\Cache\bin;D:\hacker\flutter\bin;C:\Users\Yakut\AppData\Roaming\npm;C:\Users\Yakut\AppData\Roaming\nvm;C:\Program Files\nodejs
USERNAME=Yakut
DISPLAY=:0.0
LC_ALL=en_US.UTF-8
TERM=cygwin
TMPDIR=C:\Users\Yakut\AppData\Local\Temp
OS=Windows_NT
PROCESSOR_IDENTIFIER=Intel64 Family 6 Model 158 Stepping 10, GenuineIntel
TMP=C:\Users\Yakut\AppData\Local\Temp
TEMP=C:\Users\Yakut\AppData\Local\Temp



---------------  S Y S T E M  ---------------

OS:
 Windows 10 , 64 bit Build 19041 (10.0.19041.2251)
OS uptime: 2 days 23:50 hours

CPU: total 12 (initial active 12) (6 cores per cpu, 2 threads per core) family 6 model 158 stepping 10 microcode 0xb4, cx8, cmov, fxsr, ht, mmx, 3dnowpref, sse, sse2, sse3, ssse3, sse4.1, sse4.2, popcnt, lzcnt, tsc, tscinvbit, avx, avx2, aes, erms, clmul, bmi1, bmi2, adx, fma, vzeroupper, clflush, clflushopt

Memory: 4k page, system-wide physical 16226M (3349M free)
TotalPageFile size 20424M (AvailPageFile size 179M)
current process WorkingSet (physical memory assigned to process): 10M, peak: 10M
current process commit charge ("private bytes"): 64M, peak: 318M

vm_info: OpenJDK 64-Bit Server VM (17.0.4+7-b469.53) for windows-amd64 JRE (17.0.4+7-b469.53), built on 2022-08-29 by "builduser" with MS VC++ 16.10 / 16.11 (VS2019)

END.
